<?xml version="1.0" encoding="UTF-8"?>
<testsuite name="test.StatisticItemTest" tests="1" skipped="0" failures="0" errors="0" timestamp="2023-04-11T14:04:07" hostname="IVASILEV-PC54" time="0.017">
  <properties/>
  <testcase name="test()" classname="test.StatisticItemTest" time="0.017"/>
  <system-out><![CDATA[]]></system-out>
  <system-err><![CDATA[]]></system-err>
</testsuite>
